04-Nov-2025 01:36:38.876 INFO [main] org.apache.catalina.startup.VersionLoggerListener.log Server version name:   Apache Tomcat/9.0.71
04-Nov-2025 01:36:38.880 INFO [main] org.apache.catalina.startup.VersionLoggerListener.log Server built:          Jan 9 2023 22:33:01 UTC
04-Nov-2025 01:36:38.881 INFO [main] org.apache.catalina.startup.VersionLoggerListener.log Server version number: 9.0.71.0
04-Nov-2025 01:36:38.881 INFO [main] org.apache.catalina.startup.VersionLoggerListener.log OS Name:               Linux
04-Nov-2025 01:36:38.881 INFO [main] org.apache.catalina.startup.VersionLoggerListener.log OS Version:            6.14.0-1015-aws
04-Nov-2025 01:36:38.882 INFO [main] org.apache.catalina.startup.VersionLoggerListener.log Architecture:          amd64
04-Nov-2025 01:36:38.882 INFO [main] org.apache.catalina.startup.VersionLoggerListener.log Java Home:             /usr/lib/jvm/java-1.8-openjdk/jre
04-Nov-2025 01:36:38.882 INFO [main] org.apache.catalina.startup.VersionLoggerListener.log JVM Version:           1.8.0_452-b09
04-Nov-2025 01:36:38.882 INFO [main] org.apache.catalina.startup.VersionLoggerListener.log JVM Vendor:            IcedTea
04-Nov-2025 01:36:38.882 INFO [main] org.apache.catalina.startup.VersionLoggerListener.log CATALINA_BASE:         /usr/local/tomcat
04-Nov-2025 01:36:38.882 INFO [main] org.apache.catalina.startup.VersionLoggerListener.log CATALINA_HOME:         /usr/local/tomcat
04-Nov-2025 01:36:38.891 INFO [main] org.apache.catalina.startup.VersionLoggerListener.log Command line argument: -Djava.util.logging.config.file=/usr/local/tomcat/conf/logging.properties
04-Nov-2025 01:36:38.892 INFO [main] org.apache.catalina.startup.VersionLoggerListener.log Command line argument: -Djava.util.logging.manager=org.apache.juli.ClassLoaderLogManager
04-Nov-2025 01:36:38.892 INFO [main] org.apache.catalina.startup.VersionLoggerListener.log Command line argument: -Djdk.tls.ephemeralDHKeySize=2048
04-Nov-2025 01:36:38.892 INFO [main] org.apache.catalina.startup.VersionLoggerListener.log Command line argument: -Djava.protocol.handler.pkgs=org.apache.catalina.webresources
04-Nov-2025 01:36:38.892 INFO [main] org.apache.catalina.startup.VersionLoggerListener.log Command line argument: -Dorg.apache.catalina.security.SecurityListener.UMASK=0027
04-Nov-2025 01:36:38.892 INFO [main] org.apache.catalina.startup.VersionLoggerListener.log Command line argument: -Dignore.endorsed.dirs=
04-Nov-2025 01:36:38.893 INFO [main] org.apache.catalina.startup.VersionLoggerListener.log Command line argument: -Dcatalina.base=/usr/local/tomcat
04-Nov-2025 01:36:38.893 INFO [main] org.apache.catalina.startup.VersionLoggerListener.log Command line argument: -Dcatalina.home=/usr/local/tomcat
04-Nov-2025 01:36:38.893 INFO [main] org.apache.catalina.startup.VersionLoggerListener.log Command line argument: -Djava.io.tmpdir=/usr/local/tomcat/temp
04-Nov-2025 01:36:38.897 INFO [main] org.apache.catalina.core.AprLifecycleListener.lifecycleEvent The Apache Tomcat Native library which allows using OpenSSL was not found on the java.library.path: [/usr/lib/jvm/java-1.8-openjdk/jre/lib/amd64/server:/usr/lib/jvm/java-1.8-openjdk/jre/lib/amd64:/usr/lib/jvm/java-1.8-openjdk/jre/../lib/amd64:/usr/java/packages/lib/amd64:/usr/lib64:/lib64:/lib:/usr/lib]
04-Nov-2025 01:36:39.565 INFO [main] org.apache.coyote.AbstractProtocol.init Initializing ProtocolHandler ["http-nio-8080"]
04-Nov-2025 01:36:39.615 INFO [main] org.apache.catalina.startup.Catalina.load Server initialization in [985] milliseconds
04-Nov-2025 01:36:39.658 INFO [main] org.apache.catalina.core.StandardService.startInternal Starting service [Catalina]
04-Nov-2025 01:36:39.658 INFO [main] org.apache.catalina.core.StandardEngine.startInternal Starting Servlet engine: [Apache Tomcat/9.0.71]
04-Nov-2025 01:36:39.677 INFO [main] org.apache.catalina.startup.HostConfig.deployDirectory Deploying web application directory [/usr/local/tomcat/webapps/manager]
04-Nov-2025 01:36:40.060 INFO [main] org.apache.catalina.startup.HostConfig.deployDirectory Deployment of web application directory [/usr/local/tomcat/webapps/manager] has finished in [381] ms
04-Nov-2025 01:36:40.061 INFO [main] org.apache.catalina.startup.HostConfig.deployDirectory Deploying web application directory [/usr/local/tomcat/webapps/host-manager]
04-Nov-2025 01:36:40.101 INFO [main] org.apache.catalina.startup.HostConfig.deployDirectory Deployment of web application directory [/usr/local/tomcat/webapps/host-manager] has finished in [40] ms
04-Nov-2025 01:36:40.101 INFO [main] org.apache.catalina.startup.HostConfig.deployDirectory Deploying web application directory [/usr/local/tomcat/webapps/ROOT]
04-Nov-2025 01:36:40.134 INFO [main] org.apache.catalina.startup.HostConfig.deployDirectory Deployment of web application directory [/usr/local/tomcat/webapps/ROOT] has finished in [33] ms
04-Nov-2025 01:36:40.136 INFO [main] org.apache.catalina.startup.HostConfig.deployDirectory Deploying web application directory [/usr/local/tomcat/webapps/docs]
04-Nov-2025 01:36:40.173 INFO [main] org.apache.catalina.startup.HostConfig.deployDirectory Deployment of web application directory [/usr/local/tomcat/webapps/docs] has finished in [37] ms
04-Nov-2025 01:36:40.174 INFO [main] org.apache.catalina.startup.HostConfig.deployDirectory Deploying web application directory [/usr/local/tomcat/webapps/examples]
04-Nov-2025 01:36:40.520 INFO [main] org.apache.catalina.startup.HostConfig.deployDirectory Deployment of web application directory [/usr/local/tomcat/webapps/examples] has finished in [345] ms
04-Nov-2025 01:36:40.526 INFO [main] org.apache.coyote.AbstractProtocol.start Starting ProtocolHandler ["http-nio-8080"]
04-Nov-2025 01:36:40.549 INFO [main] org.apache.catalina.startup.Catalina.start Server startup in [932] milliseconds
04-Nov-2025 03:58:44.162 INFO [http-nio-8080-exec-5] org.apache.coyote.http11.Http11Processor.service Error parsing HTTP request header
 Note: further occurrences of HTTP request parsing errors will be logged at DEBUG level.
	java.lang.IllegalArgumentException: Invalid character found in method name [0x040x010x010xbb0x8e0xfaE0x840x00...]. HTTP method names must be tokens
		at org.apache.coyote.http11.Http11InputBuffer.parseRequestLine(Http11InputBuffer.java:419)
		at org.apache.coyote.http11.Http11Processor.service(Http11Processor.java:271)
		at org.apache.coyote.AbstractProcessorLight.process(AbstractProcessorLight.java:65)
		at org.apache.coyote.AbstractProtocol$ConnectionHandler.process(AbstractProtocol.java:891)
		at org.apache.tomcat.util.net.NioEndpoint$SocketProcessor.doRun(NioEndpoint.java:1784)
		at org.apache.tomcat.util.net.SocketProcessorBase.run(SocketProcessorBase.java:49)
		at org.apache.tomcat.util.threads.ThreadPoolExecutor.runWorker(ThreadPoolExecutor.java:1191)
		at org.apache.tomcat.util.threads.ThreadPoolExecutor$Worker.run(ThreadPoolExecutor.java:659)
		at org.apache.tomcat.util.threads.TaskThread$WrappingRunnable.run(TaskThread.java:61)
		at java.lang.Thread.run(Thread.java:750)
04-Nov-2025 06:06:04.489 INFO [main] org.apache.catalina.startup.VersionLoggerListener.log Server version name:   Apache Tomcat/9.0.71
04-Nov-2025 06:06:04.494 INFO [main] org.apache.catalina.startup.VersionLoggerListener.log Server built:          Jan 9 2023 22:33:01 UTC
04-Nov-2025 06:06:04.495 INFO [main] org.apache.catalina.startup.VersionLoggerListener.log Server version number: 9.0.71.0
04-Nov-2025 06:06:04.495 INFO [main] org.apache.catalina.startup.VersionLoggerListener.log OS Name:               Linux
04-Nov-2025 06:06:04.496 INFO [main] org.apache.catalina.startup.VersionLoggerListener.log OS Version:            6.14.0-1015-aws
04-Nov-2025 06:06:04.496 INFO [main] org.apache.catalina.startup.VersionLoggerListener.log Architecture:          amd64
04-Nov-2025 06:06:04.496 INFO [main] org.apache.catalina.startup.VersionLoggerListener.log Java Home:             /usr/lib/jvm/java-1.8-openjdk/jre
04-Nov-2025 06:06:04.496 INFO [main] org.apache.catalina.startup.VersionLoggerListener.log JVM Version:           1.8.0_452-b09
04-Nov-2025 06:06:04.496 INFO [main] org.apache.catalina.startup.VersionLoggerListener.log JVM Vendor:            IcedTea
04-Nov-2025 06:06:04.496 INFO [main] org.apache.catalina.startup.VersionLoggerListener.log CATALINA_BASE:         /usr/local/tomcat
04-Nov-2025 06:06:04.496 INFO [main] org.apache.catalina.startup.VersionLoggerListener.log CATALINA_HOME:         /usr/local/tomcat
04-Nov-2025 06:06:04.503 INFO [main] org.apache.catalina.startup.VersionLoggerListener.log Command line argument: -Djava.util.logging.config.file=/usr/local/tomcat/conf/logging.properties
04-Nov-2025 06:06:04.504 INFO [main] org.apache.catalina.startup.VersionLoggerListener.log Command line argument: -Djava.util.logging.manager=org.apache.juli.ClassLoaderLogManager
04-Nov-2025 06:06:04.504 INFO [main] org.apache.catalina.startup.VersionLoggerListener.log Command line argument: -Djdk.tls.ephemeralDHKeySize=2048
04-Nov-2025 06:06:04.504 INFO [main] org.apache.catalina.startup.VersionLoggerListener.log Command line argument: -Djava.protocol.handler.pkgs=org.apache.catalina.webresources
04-Nov-2025 06:06:04.504 INFO [main] org.apache.catalina.startup.VersionLoggerListener.log Command line argument: -Dorg.apache.catalina.security.SecurityListener.UMASK=0027
04-Nov-2025 06:06:04.504 INFO [main] org.apache.catalina.startup.VersionLoggerListener.log Command line argument: -Dignore.endorsed.dirs=
04-Nov-2025 06:06:04.504 INFO [main] org.apache.catalina.startup.VersionLoggerListener.log Command line argument: -Dcatalina.base=/usr/local/tomcat
04-Nov-2025 06:06:04.504 INFO [main] org.apache.catalina.startup.VersionLoggerListener.log Command line argument: -Dcatalina.home=/usr/local/tomcat
04-Nov-2025 06:06:04.505 INFO [main] org.apache.catalina.startup.VersionLoggerListener.log Command line argument: -Djava.io.tmpdir=/usr/local/tomcat/temp
04-Nov-2025 06:06:04.509 INFO [main] org.apache.catalina.core.AprLifecycleListener.lifecycleEvent The Apache Tomcat Native library which allows using OpenSSL was not found on the java.library.path: [/usr/lib/jvm/java-1.8-openjdk/jre/lib/amd64/server:/usr/lib/jvm/java-1.8-openjdk/jre/lib/amd64:/usr/lib/jvm/java-1.8-openjdk/jre/../lib/amd64:/usr/java/packages/lib/amd64:/usr/lib64:/lib64:/lib:/usr/lib]
04-Nov-2025 06:06:05.162 INFO [main] org.apache.coyote.AbstractProtocol.init Initializing ProtocolHandler ["http-nio-8080"]
04-Nov-2025 06:06:05.214 INFO [main] org.apache.catalina.startup.Catalina.load Server initialization in [985] milliseconds
04-Nov-2025 06:06:05.274 INFO [main] org.apache.catalina.core.StandardService.startInternal Starting service [Catalina]
04-Nov-2025 06:06:05.276 INFO [main] org.apache.catalina.core.StandardEngine.startInternal Starting Servlet engine: [Apache Tomcat/9.0.71]
04-Nov-2025 06:06:05.290 INFO [main] org.apache.catalina.startup.HostConfig.deployDirectory Deploying web application directory [/usr/local/tomcat/webapps/manager]
04-Nov-2025 06:06:05.648 INFO [main] org.apache.catalina.startup.HostConfig.deployDirectory Deployment of web application directory [/usr/local/tomcat/webapps/manager] has finished in [356] ms
04-Nov-2025 06:06:05.649 INFO [main] org.apache.catalina.startup.HostConfig.deployDirectory Deploying web application directory [/usr/local/tomcat/webapps/host-manager]
04-Nov-2025 06:06:05.672 INFO [main] org.apache.catalina.startup.HostConfig.deployDirectory Deployment of web application directory [/usr/local/tomcat/webapps/host-manager] has finished in [23] ms
04-Nov-2025 06:06:05.673 INFO [main] org.apache.catalina.startup.HostConfig.deployDirectory Deploying web application directory [/usr/local/tomcat/webapps/ROOT]
04-Nov-2025 06:06:05.704 INFO [main] org.apache.catalina.startup.HostConfig.deployDirectory Deployment of web application directory [/usr/local/tomcat/webapps/ROOT] has finished in [32] ms
04-Nov-2025 06:06:05.705 INFO [main] org.apache.catalina.startup.HostConfig.deployDirectory Deploying web application directory [/usr/local/tomcat/webapps/docs]
04-Nov-2025 06:06:05.722 INFO [main] org.apache.catalina.startup.HostConfig.deployDirectory Deployment of web application directory [/usr/local/tomcat/webapps/docs] has finished in [17] ms
04-Nov-2025 06:06:05.723 INFO [main] org.apache.catalina.startup.HostConfig.deployDirectory Deploying web application directory [/usr/local/tomcat/webapps/examples]
04-Nov-2025 06:06:06.082 INFO [main] org.apache.catalina.startup.HostConfig.deployDirectory Deployment of web application directory [/usr/local/tomcat/webapps/examples] has finished in [359] ms
04-Nov-2025 06:06:06.093 INFO [main] org.apache.coyote.AbstractProtocol.start Starting ProtocolHandler ["http-nio-8080"]
04-Nov-2025 06:06:06.113 INFO [main] org.apache.catalina.startup.Catalina.start Server startup in [898] milliseconds
04-Nov-2025 06:28:03.419 INFO [http-nio-8080-exec-1] org.apache.coyote.http11.Http11Processor.service Error parsing HTTP request header
 Note: further occurrences of HTTP request parsing errors will be logged at DEBUG level.
	java.lang.IllegalArgumentException: Invalid character found in method name [h+/tmp/gpon8080&ipv=0...]. HTTP method names must be tokens
		at org.apache.coyote.http11.Http11InputBuffer.parseRequestLine(Http11InputBuffer.java:419)
		at org.apache.coyote.http11.Http11Processor.service(Http11Processor.java:271)
		at org.apache.coyote.AbstractProcessorLight.process(AbstractProcessorLight.java:65)
		at org.apache.coyote.AbstractProtocol$ConnectionHandler.process(AbstractProtocol.java:891)
		at org.apache.tomcat.util.net.NioEndpoint$SocketProcessor.doRun(NioEndpoint.java:1784)
		at org.apache.tomcat.util.net.SocketProcessorBase.run(SocketProcessorBase.java:49)
		at org.apache.tomcat.util.threads.ThreadPoolExecutor.runWorker(ThreadPoolExecutor.java:1191)
		at org.apache.tomcat.util.threads.ThreadPoolExecutor$Worker.run(ThreadPoolExecutor.java:659)
		at org.apache.tomcat.util.threads.TaskThread$WrappingRunnable.run(TaskThread.java:61)
		at java.lang.Thread.run(Thread.java:750)
04-Nov-2025 06:42:09.072 INFO [http-nio-8080-exec-9] org.apache.coyote.http11.Http11Processor.service Error parsing HTTP request header
 Note: further occurrences of HTTP request parsing errors will be logged at DEBUG level.
	java.lang.IllegalArgumentException: Invalid character found in method name [0x160x030x010x00{0x010x000x00w0x030x030xd7(0xc40xa50x100x7fA$0xc90xaa0xa20x140x090xd10xae0x8b%w0xb5a0xc1G0xcb0x9d0xe60xd30xd3/0xf7e0xac0xee0x000x000x1a0xc0/0xc0+0xc00x110xc00x070xc00x130xc00x090xc00x140xc00x0a0x000x050x00/0x0050xc00x120x000x0a0x010x000x0040x000x050x000x050x010x000x000x000x000x000x0a0x000x080x000x060x000x170x000x180x000x190x000x0b0x000x020x010x000x000x0d0x000x100x000x0e0x040x010x040x030x020x010x020x030x040x010x050x010x060x010xff0x010x000x010x00...]. HTTP method names must be tokens
		at org.apache.coyote.http11.Http11InputBuffer.parseRequestLine(Http11InputBuffer.java:419)
		at org.apache.coyote.http11.Http11Processor.service(Http11Processor.java:271)
		at org.apache.coyote.AbstractProcessorLight.process(AbstractProcessorLight.java:65)
		at org.apache.coyote.AbstractProtocol$ConnectionHandler.process(AbstractProtocol.java:891)
		at org.apache.tomcat.util.net.NioEndpoint$SocketProcessor.doRun(NioEndpoint.java:1784)
		at org.apache.tomcat.util.net.SocketProcessorBase.run(SocketProcessorBase.java:49)
		at org.apache.tomcat.util.threads.ThreadPoolExecutor.runWorker(ThreadPoolExecutor.java:1191)
		at org.apache.tomcat.util.threads.ThreadPoolExecutor$Worker.run(ThreadPoolExecutor.java:659)
		at org.apache.tomcat.util.threads.TaskThread$WrappingRunnable.run(TaskThread.java:61)
		at java.lang.Thread.run(Thread.java:750)
